#! /usr/bin/vvp
:ivl_version "0.9.7 " "(v0_9_7)";
:vpi_time_precision + 0;
:vpi_module "system";
:vpi_module "v2005_math";
:vpi_module "va_math";
S_0x19e2770 .scope module, "teste" "teste" 2 11;
 .timescale 0 0;
v0x19f0fe0_0 .var "clk", 0 0;
v0x19f10b0_0 .net "s", 0 0, L_0x19f1160; 1 drivers
S_0x19e2860 .scope module, "e" "Exe01" 2 18, 2 1, S_0x19e2770;
 .timescale 0 0;
L_0x19f1160 .functor BUFZ 1, v0x19f0fe0_0, C4<0>, C4<0>, C4<0>;
v0x19beb10_0 .net "clk", 0 0, v0x19f0fe0_0; 1 drivers
v0x19f0f40_0 .alias "s", 0 0, v0x19f10b0_0;
    .scope S_0x19e2770;
T_0 ;
    %delay 3, 0;
    %load/v 8, v0x19f0fe0_0, 1;
    %inv 8, 1;
    %ix/load 0, 1, 0;
    %assign/v0 v0x19f0fe0_0, 0, 8;
    %jmp T_0;
    .thread T_0;
    .scope S_0x19e2770;
T_1 ;
    %vpi_call 2 21 "$dumpvars", 1'sb0, S_0x19e2860;
    %delay 1, 0;
    %set/v v0x19f0fe0_0, 1, 1;
    %delay 500, 0;
    %vpi_call 2 25 "$finish";
    %end;
    .thread T_1;
# The file index is used to find the file name in the following table.
:file_names 3;
    "N/A";
    "<interactive>";
    "Led_T1.v";
