#! /opt/local/bin/vvp
:ivl_version "0.9.7 " "(v0_9_7)";
:vpi_time_precision + 0;
:vpi_module "system";
:vpi_module "v2005_math";
:vpi_module "va_math";
S_0x7fbd4a405590 .scope module, "teste" "teste" 2 25;
 .timescale 0 0;
v0x7fbd4a418dd0_0 .var "clk", 0 0;
v0x7fbd4a418e60_0 .net "led", 0 0, v0x7fbd4a418c80_0; 1 drivers
v0x7fbd4a418f00_0 .var "reset", 0 0;
S_0x7fbd4a405670 .scope module, "A" "valores" 2 31, 2 1, S_0x7fbd4a405590;
 .timescale 0 0;
v0x7fbd4a407830_0 .net "clock", 0 0, v0x7fbd4a418dd0_0; 1 drivers
v0x7fbd4a418b70_0 .var "contador", 25 0;
v0x7fbd4a418c00_0 .alias "led", 0 0, v0x7fbd4a418e60_0;
v0x7fbd4a418c80_0 .var "led_reg", 0 0;
v0x7fbd4a418d10_0 .net "reset", 0 0, v0x7fbd4a418f00_0; 1 drivers
E_0x7fbd4a4041a0/0 .event edge, v0x7fbd4a418d10_0;
E_0x7fbd4a4041a0/1 .event posedge, v0x7fbd4a407830_0;
E_0x7fbd4a4041a0 .event/or E_0x7fbd4a4041a0/0, E_0x7fbd4a4041a0/1;
    .scope S_0x7fbd4a405670;
T_0 ;
    %wait E_0x7fbd4a4041a0;
    %load/v 8, v0x7fbd4a418d10_0, 1;
    %jmp/0xz  T_0.0, 8;
    %set/v v0x7fbd4a418c80_0, 0, 1;
    %set/v v0x7fbd4a418b70_0, 0, 26;
    %jmp T_0.1;
T_0.0 ;
    %load/v 8, v0x7fbd4a418b70_0, 26;
    %mov 34, 0, 1;
    %cmpi/u 8, 50, 27;
    %jmp/0xz  T_0.2, 4;
    %load/v 8, v0x7fbd4a418c80_0, 1;
    %inv 8, 1;
    %set/v v0x7fbd4a418c80_0, 8, 1;
    %set/v v0x7fbd4a418b70_0, 0, 26;
    %jmp T_0.3;
T_0.2 ;
    %load/v 8, v0x7fbd4a418b70_0, 26;
    %mov 34, 0, 6;
    %addi 8, 1, 32;
    %ix/load 0, 26, 0;
    %assign/v0 v0x7fbd4a418b70_0, 0, 8;
T_0.3 ;
T_0.1 ;
    %jmp T_0;
    .thread T_0;
    .scope S_0x7fbd4a405590;
T_1 ;
    %delay 1, 0;
    %load/v 8, v0x7fbd4a418dd0_0, 1;
    %inv 8, 1;
    %set/v v0x7fbd4a418dd0_0, 8, 1;
    %jmp T_1;
    .thread T_1;
    .scope S_0x7fbd4a405590;
T_2 ;
    %vpi_call 2 36 "$dumpvars", 1'sb0, S_0x7fbd4a405670;
    %delay 0, 0;
    %ix/load 0, 1, 0;
    %assign/v0 v0x7fbd4a418f00_0, 0, 1;
    %ix/load 0, 1, 0;
    %assign/v0 v0x7fbd4a418dd0_0, 0, 0;
    %delay 1, 0;
    %ix/load 0, 1, 0;
    %assign/v0 v0x7fbd4a418f00_0, 0, 0;
    %delay 150000, 0;
    %vpi_call 2 45 "$finish";
    %end;
    .thread T_2;
# The file index is used to find the file name in the following table.
:file_names 3;
    "N/A";
    "<interactive>";
    "Led.v";
