#! /opt/local/bin/vvp
:ivl_version "0.9.7 " "(v0_9_7)";
:vpi_time_precision + 0;
:vpi_module "system";
:vpi_module "v2005_math";
:vpi_module "va_math";
S_0x7f9058c03cc0 .scope module, "teste" "teste" 2 11;
 .timescale 0 0;
v0x7f9058c13f70_0 .var "clk", 0 0;
v0x7f9058c14000_0 .net "s", 0 0, L_0x7f9058c140a0; 1 drivers
S_0x7f9058c03da0 .scope module, "e" "Exe01" 2 18, 2 1, S_0x7f9058c03cc0;
 .timescale 0 0;
L_0x7f9058c140a0 .functor BUFZ 1, v0x7f9058c13f70_0, C4<0>, C4<0>, C4<0>;
v0x7f9058c03e80_0 .net "clk", 0 0, v0x7f9058c13f70_0; 1 drivers
v0x7f9058c13ee0_0 .alias "s", 0 0, v0x7f9058c14000_0;
    .scope S_0x7f9058c03cc0;
T_0 ;
    %delay 3, 0;
    %load/v 8, v0x7f9058c13f70_0, 1;
    %inv 8, 1;
    %ix/load 0, 1, 0;
    %assign/v0 v0x7f9058c13f70_0, 0, 8;
    %jmp T_0;
    .thread T_0;
    .scope S_0x7f9058c03cc0;
T_1 ;
    %vpi_call 2 21 "$dumpvars", 1'sb0, S_0x7f9058c03da0;
    %delay 1, 0;
    %set/v v0x7f9058c13f70_0, 1, 1;
    %delay 500, 0;
    %vpi_call 2 25 "$finish";
    %end;
    .thread T_1;
# The file index is used to find the file name in the following table.
:file_names 3;
    "N/A";
    "<interactive>";
    "clock.v";
